0 info it worked if it ends with ok
1 verbose cli [ 'node', '/usr/local/bin/npm', 'install', 'nodejitsu' ]
2 info using npm@1.2.18
3 info using node@v0.10.4
4 verbose read json /Users/JasonSebring/Documents/Projects/www.emeraldcode.com/package.json
5 verbose read json /Users/JasonSebring/Documents/Projects/www.emeraldcode.com/node_modules/ejs/package.json
6 verbose read json /Users/JasonSebring/Documents/Projects/www.emeraldcode.com/node_modules/ejs-locals/package.json
7 verbose read json /Users/JasonSebring/Documents/Projects/www.emeraldcode.com/node_modules/express/package.json
8 verbose read json /Users/JasonSebring/Documents/Projects/www.emeraldcode.com/node_modules/express-partials/package.json
9 verbose read json /Users/JasonSebring/Documents/Projects/www.emeraldcode.com/package.json
10 verbose cache add [ 'nodejitsu', null ]
11 verbose cache add name=undefined spec="nodejitsu" args=["nodejitsu",null]
12 verbose parsed url { protocol: null,
12 verbose parsed url   slashes: null,
12 verbose parsed url   auth: null,
12 verbose parsed url   host: null,
12 verbose parsed url   port: null,
12 verbose parsed url   hostname: null,
12 verbose parsed url   hash: null,
12 verbose parsed url   search: null,
12 verbose parsed url   query: null,
12 verbose parsed url   pathname: 'nodejitsu',
12 verbose parsed url   path: 'nodejitsu',
12 verbose parsed url   href: 'nodejitsu' }
13 silly lockFile 26ffacc9-nodejitsu nodejitsu
14 verbose lock nodejitsu /Users/JasonSebring/.npm/26ffacc9-nodejitsu.lock
15 silly lockFile 26ffacc9-nodejitsu nodejitsu
16 silly lockFile 26ffacc9-nodejitsu nodejitsu
17 verbose addNamed [ 'nodejitsu', '' ]
18 verbose addNamed [ null, '' ]
19 silly lockFile c074668e-nodejitsu nodejitsu@
20 verbose lock nodejitsu@ /Users/JasonSebring/.npm/c074668e-nodejitsu.lock
21 silly addNameRange { name: 'nodejitsu', range: '', hasData: false }
22 verbose url raw nodejitsu
23 verbose url resolving [ 'https://registry.npmjs.org/', './nodejitsu' ]
24 verbose url resolved https://registry.npmjs.org/nodejitsu
25 info trying registry request attempt 1 at 00:54:50
26 http GET https://registry.npmjs.org/nodejitsu
27 http 404 https://registry.npmjs.org/nodejitsu
28 silly registry.get cb [ 404,
28 silly registry.get   { server: 'CouchDB/1.3.0 (Erlang OTP/R15B03)',
28 silly registry.get     date: 'Wed, 17 Apr 2013 07:54:51 GMT',
28 silly registry.get     'content-type': 'application/json',
28 silly registry.get     'content-length': '52',
28 silly registry.get     'cache-control': 'must-revalidate' } ]
29 silly lockFile c074668e-nodejitsu nodejitsu@
30 silly lockFile c074668e-nodejitsu nodejitsu@
31 error 404 'nodejitsu' is not in the npm registry.
31 error 404 You should bug the author to publish it
31 error 404
31 error 404 Note that you can also install from a
31 error 404 tarball, folder, or http url, or git url.
32 error System Darwin 12.3.0
33 error command "node" "/usr/local/bin/npm" "install" "nodejitsu"
34 error cwd /Users/JasonSebring/Documents/Projects/www.emeraldcode.com
35 error node -v v0.10.4
36 error npm -v 1.2.18
37 error code E404
38 verbose exit [ 1, true ]
